2019-09-11 10:34:23.373 [main] [StartupInfoLogger.java:50] INFO  com.xjs.demo.DemoApplication - Starting DemoApplication on DESKTOP-I0S4HBU with PID 8488 (D:\project\demo\target\classes started by xjs in D:\project\demo) 
2019-09-11 10:34:23.381 [main] [StartupInfoLogger.java:53] DEBUG com.xjs.demo.DemoApplication - Running with Spring Boot v2.1.8.RELEASE, Spring v5.1.9.RELEASE 
2019-09-11 10:34:23.382 [main] [SpringApplication.java:652] INFO  com.xjs.demo.DemoApplication - The following profiles are active: dev 
2019-09-11 10:34:24.807 [main] [PostProcessorRegistrationDelegate.java:330] INFO  org.springframework.context.support.PostProcessorRegistrationDelegate$BeanPostProcessorChecker - Bean 'org.springframework.transaction.annotation.ProxyTransactionManagementConfiguration' of type [org.springframework.transaction.annotation.ProxyTransactionManagementConfiguration$$EnhancerBySpringCGLIB$$ce36acce] is not eligible for getting processed by all BeanPostProcessors (for example: not eligible for auto-proxying) 
2019-09-11 10:34:25.136 [main] [TomcatWebServer.java:90] INFO  org.springframework.boot.web.embedded.tomcat.TomcatWebServer - Tomcat initialized with port(s): 1234 (http) 
2019-09-11 10:34:25.156 [main] [DirectJDKLog.java:173] INFO  org.apache.coyote.http11.Http11NioProtocol - Initializing ProtocolHandler ["http-nio-1234"] 
2019-09-11 10:34:25.170 [main] [DirectJDKLog.java:173] INFO  org.apache.catalina.core.StandardService - Starting service [Tomcat] 
2019-09-11 10:34:25.171 [main] [DirectJDKLog.java:173] INFO  org.apache.catalina.core.StandardEngine - Starting Servlet engine: [Apache Tomcat/9.0.24] 
2019-09-11 10:34:25.322 [main] [DirectJDKLog.java:173] INFO  org.apache.catalina.core.ContainerBase.[Tomcat].[localhost].[/] - Initializing Spring embedded WebApplicationContext 
2019-09-11 10:34:25.322 [main] [ServletWebServerApplicationContext.java:284] INFO  org.springframework.web.context.ContextLoader - Root WebApplicationContext: initialization completed in 1873 ms 
2019-09-11 10:34:26.326 [main] [PropertySourcedRequestMappingHandlerMapping.java:69] INFO  springfox.documentation.spring.web.PropertySourcedRequestMappingHandlerMapping - Mapped URL path [/v2/api-docs] onto method [public org.springframework.http.ResponseEntity<springfox.documentation.spring.web.json.Json> springfox.documentation.swagger2.web.Swagger2Controller.getDocumentation(java.lang.String,javax.servlet.http.HttpServletRequest)] 
2019-09-11 10:34:26.490 [main] [ExecutorConfigurationSupport.java:171] INFO  org.springframework.scheduling.concurrent.ThreadPoolTaskExecutor - Initializing ExecutorService 'applicationTaskExecutor' 
2019-09-11 10:34:26.745 [main] [DocumentationPluginsBootstrapper.java:160] INFO  springfox.documentation.spring.web.plugins.DocumentationPluginsBootstrapper - Context refreshed 
2019-09-11 10:34:26.769 [main] [DocumentationPluginsBootstrapper.java:163] INFO  springfox.documentation.spring.web.plugins.DocumentationPluginsBootstrapper - Found 1 custom documentation plugin(s) 
2019-09-11 10:34:26.813 [main] [ApiListingReferenceScanner.java:41] INFO  springfox.documentation.spring.web.scanners.ApiListingReferenceScanner - Scanning for api listing references 
2019-09-11 10:34:27.030 [main] [DirectJDKLog.java:173] INFO  org.apache.coyote.http11.Http11NioProtocol - Starting ProtocolHandler ["http-nio-1234"] 
2019-09-11 10:34:27.063 [main] [TomcatWebServer.java:202] INFO  org.springframework.boot.web.embedded.tomcat.TomcatWebServer - Tomcat started on port(s): 1234 (http) with context path '' 
2019-09-11 10:34:27.067 [main] [StartupInfoLogger.java:59] INFO  com.xjs.demo.DemoApplication - Started DemoApplication in 4.331 seconds (JVM running for 6.581) 
2019-09-11 10:36:15.061 [http-nio-1234-exec-1] [DirectJDKLog.java:173] INFO  org.apache.catalina.core.ContainerBase.[Tomcat].[localhost].[/] - Initializing Spring DispatcherServlet 'dispatcherServlet' 
2019-09-11 10:36:15.061 [http-nio-1234-exec-1] [FrameworkServlet.java:524] INFO  org.springframework.web.servlet.DispatcherServlet - Initializing Servlet 'dispatcherServlet' 
2019-09-11 10:36:15.077 [http-nio-1234-exec-1] [FrameworkServlet.java:546] INFO  org.springframework.web.servlet.DispatcherServlet - Completed initialization in 15 ms 
2019-09-11 10:36:15.459 [http-nio-1234-exec-1] [Log4j2Impl.java:106] INFO  com.alibaba.druid.pool.DruidDataSource - {dataSource-1} inited 
2019-09-11 10:36:15.468 [http-nio-1234-exec-1] [BaseJdbcLogger.java:143] DEBUG com.xjs.demo.mybatis.mapper.UserMapper.selectByExample - ==>  Preparing: select id, username, password, phone_number, create_time, update_time from user  
2019-09-11 10:36:15.492 [http-nio-1234-exec-1] [BaseJdbcLogger.java:143] DEBUG com.xjs.demo.mybatis.mapper.UserMapper.selectByExample - ==> Parameters:  
2019-09-11 10:36:15.518 [http-nio-1234-exec-1] [BaseJdbcLogger.java:143] DEBUG com.xjs.demo.mybatis.mapper.UserMapper.selectByExample - <==      Total: 1 
2019-09-11 10:36:15.521 [http-nio-1234-exec-1] [TestController.java:28] INFO  class com.xjs.demo.controller.TestController - 获取所有用户 
2019-09-11 10:51:03.220 [Thread-13] [ExecutorConfigurationSupport.java:208] INFO  org.springframework.scheduling.concurrent.ThreadPoolTaskExecutor - Shutting down ExecutorService 'applicationTaskExecutor' 
2019-09-11 10:51:03.230 [Thread-13] [Log4j2Impl.java:106] INFO  com.alibaba.druid.pool.DruidDataSource - {dataSource-1} closed 
2019-09-11 10:51:12.221 [main] [StartupInfoLogger.java:50] INFO  com.xjs.demo.DemoApplication - Starting DemoApplication on DESKTOP-I0S4HBU with PID 3656 (D:\project\demo\target\classes started by xjs in D:\project\demo) 
2019-09-11 10:51:12.232 [main] [StartupInfoLogger.java:53] DEBUG com.xjs.demo.DemoApplication - Running with Spring Boot v2.1.8.RELEASE, Spring v5.1.9.RELEASE 
2019-09-11 10:51:12.233 [main] [SpringApplication.java:652] INFO  com.xjs.demo.DemoApplication - The following profiles are active: dev 
2019-09-11 10:51:13.664 [main] [PostProcessorRegistrationDelegate.java:330] INFO  org.springframework.context.support.PostProcessorRegistrationDelegate$BeanPostProcessorChecker - Bean 'org.springframework.transaction.annotation.ProxyTransactionManagementConfiguration' of type [org.springframework.transaction.annotation.ProxyTransactionManagementConfiguration$$EnhancerBySpringCGLIB$$6e1935d] is not eligible for getting processed by all BeanPostProcessors (for example: not eligible for auto-proxying) 
2019-09-11 10:51:13.993 [main] [TomcatWebServer.java:90] INFO  org.springframework.boot.web.embedded.tomcat.TomcatWebServer - Tomcat initialized with port(s): 1234 (http) 
2019-09-11 10:51:14.012 [main] [DirectJDKLog.java:173] INFO  org.apache.coyote.http11.Http11NioProtocol - Initializing ProtocolHandler ["http-nio-1234"] 
2019-09-11 10:51:14.027 [main] [DirectJDKLog.java:173] INFO  org.apache.catalina.core.StandardService - Starting service [Tomcat] 
2019-09-11 10:51:14.029 [main] [DirectJDKLog.java:173] INFO  org.apache.catalina.core.StandardEngine - Starting Servlet engine: [Apache Tomcat/9.0.24] 
2019-09-11 10:51:14.166 [main] [DirectJDKLog.java:173] INFO  org.apache.catalina.core.ContainerBase.[Tomcat].[localhost].[/] - Initializing Spring embedded WebApplicationContext 
2019-09-11 10:51:14.167 [main] [ServletWebServerApplicationContext.java:284] INFO  org.springframework.web.context.ContextLoader - Root WebApplicationContext: initialization completed in 1851 ms 
2019-09-11 10:51:15.154 [main] [PropertySourcedRequestMappingHandlerMapping.java:69] INFO  springfox.documentation.spring.web.PropertySourcedRequestMappingHandlerMapping - Mapped URL path [/v2/api-docs] onto method [public org.springframework.http.ResponseEntity<springfox.documentation.spring.web.json.Json> springfox.documentation.swagger2.web.Swagger2Controller.getDocumentation(java.lang.String,javax.servlet.http.HttpServletRequest)] 
2019-09-11 10:51:15.297 [main] [ExecutorConfigurationSupport.java:171] INFO  org.springframework.scheduling.concurrent.ThreadPoolTaskExecutor - Initializing ExecutorService 'applicationTaskExecutor' 
2019-09-11 10:51:15.554 [main] [DocumentationPluginsBootstrapper.java:160] INFO  springfox.documentation.spring.web.plugins.DocumentationPluginsBootstrapper - Context refreshed 
2019-09-11 10:51:15.579 [main] [DocumentationPluginsBootstrapper.java:163] INFO  springfox.documentation.spring.web.plugins.DocumentationPluginsBootstrapper - Found 1 custom documentation plugin(s) 
2019-09-11 10:51:15.621 [main] [ApiListingReferenceScanner.java:41] INFO  springfox.documentation.spring.web.scanners.ApiListingReferenceScanner - Scanning for api listing references 
2019-09-11 10:51:15.837 [main] [DirectJDKLog.java:173] INFO  org.apache.coyote.http11.Http11NioProtocol - Starting ProtocolHandler ["http-nio-1234"] 
2019-09-11 10:51:15.868 [main] [TomcatWebServer.java:202] INFO  org.springframework.boot.web.embedded.tomcat.TomcatWebServer - Tomcat started on port(s): 1234 (http) with context path '' 
2019-09-11 10:51:15.873 [main] [StartupInfoLogger.java:59] INFO  com.xjs.demo.DemoApplication - Started DemoApplication in 4.234 seconds (JVM running for 6.164) 
2019-09-11 10:51:33.248 [http-nio-1234-exec-1] [DirectJDKLog.java:173] INFO  org.apache.catalina.core.ContainerBase.[Tomcat].[localhost].[/] - Initializing Spring DispatcherServlet 'dispatcherServlet' 
2019-09-11 10:51:33.248 [http-nio-1234-exec-1] [FrameworkServlet.java:524] INFO  org.springframework.web.servlet.DispatcherServlet - Initializing Servlet 'dispatcherServlet' 
2019-09-11 10:51:33.259 [http-nio-1234-exec-1] [FrameworkServlet.java:546] INFO  org.springframework.web.servlet.DispatcherServlet - Completed initialization in 11 ms 
2019-09-11 10:51:33.292 [http-nio-1234-exec-1] [TestController.java:34] INFO  class com.xjs.demo.controller.TestController - 欢迎语 
2019-09-11 10:54:41.714 [Thread-13] [ExecutorConfigurationSupport.java:208] INFO  org.springframework.scheduling.concurrent.ThreadPoolTaskExecutor - Shutting down ExecutorService 'applicationTaskExecutor' 
